0	1	mikroCdsPIC.exe -MSF -DBG -pP30F6012A -DL -SSA -O11111114 -fo20 -N"C:\Users\SimoGein\Desktop\git\DAU\main.mcpds" -SP"C:\Program Files\mikroC PRO for dsPIC\Defs\" -SP"C:\Program Files\mikroC PRO for dsPIC\Uses\" -SP"C:\Users\SimoGein\Desktop\git\DAU\" -IP"C:\Users\SimoGein\Desktop\DAU_SV1.0\" -IP"C:\Users\SimoGein\Desktop\git\DAU\" "main.c" "can.c" "User_Function.c" "__Lib_Math.mcl" "__Lib_MathDouble.mcl" "__Lib_System.mcl" "__Lib_Delays.mcl" "__Lib_CType.mcl" "__Lib_CString.mcl" "__Lib_CStdlib.mcl" "__Lib_CMath.mcl" "__Lib_Setjmp.mcl" "__Lib_MemManager.mcl" "__Lib_Conversions.mcl" "__Lib_Sprintf.mcl" "__Lib_PrintOut.mcl" "__Lib_Sprinti.mcl" "__Lib_Sprintl.mcl" "__Lib_Time.mcl" "__Lib_Trigonometry.mcl" "__Lib_Button.mcl" "__Lib_Keypad4x4.mcl" "__Lib_Manchester.mcl" "__Lib_OneWire.mcl" "__Lib_PS2.mcl" "__Lib_Sound.mcl" "__Lib_SoftI2C.mcl" "__Lib_SoftSPI.mcl" "__Lib_SoftUART.mcl" "__Lib_ADC_1_p24FJ_p30.mcl" "__Lib_EEPROM_p30.mcl" "__Lib_FLASH_p30.mcl" "__Lib_I2C_1_p30.mcl" "__Lib_PWM_1.mcl" "__Lib_SPI_12.mcl" "__Lib_UART_12_p30.mcl" "__Lib_CAN_12.mcl" "__Lib_PortExpander.mcl" "__Lib_CANSPI.mcl" "__Lib_CF.mcl" "__Lib_CFFat16.mcl" "__Lib_GlcdFonts.mcl" "__Lib_Glcd.mcl" "__Lib_LcdConsts.mcl" "__Lib_Lcd.mcl" "__Lib_Mmc.mcl" "__Lib_MmcFat16.mcl" "__Lib_MmcFat16Constants.mcl" "__Lib_RS485.mcl" "__Lib_S1D13700.mcl" "__Lib_T6963C.mcl" "__Lib_SPIGlcd.mcl" "__Lib_SPILcd.mcl" "__Lib_SPILcd8.mcl" "__Lib_SPIT6963C.mcl" "__Lib_EthEnc28j60.mcl" "__Lib_EthEnc24j600.mcl" "__Lib_TFT.mcl" "__Lib_TFT_Defs.mcl" "__Lib_TouchPanel_TFT.mcl" "__Lib_TouchPanel.mcl" "__Lib_BitReverseComplex.mcl" "__Lib_FFT.mcl" "__Lib_FirRadix.mcl" "__Lib_IirRadix.mcl" "__Lib_Matrices.mcl" "__Lib_TwiddleFactors.mcl" "__Lib_Q15.mcl" "__Lib_Vectors.mcl"	 
warning: 0	1502	Specified include path does not exist: 'C:\Users\SimoGein\Desktop\DAU_SV1.0'	 
diagnostics: 0	121	Loading...	 
diagnostics: 0	122	Compilation Started	stdint.h
hint: 0	1004	interrupt handler (canInterrupt at 0x004A)	main.c
hint: 0	1004	interrupt handler (TIMER5_INT at 0x0040)	main.c
hint: 0	1004	interrupt handler (ADC_INT at 0x002A)	main.c
warning: 131	1505	Suspicious pointer conversion	main.c
hint: 0	1004	interrupt handler (TIMER4_INT at 0x003E)	main.c
diagnostics: 195	123	Compiled Successfully	main.c
warning: 176	1519	Logical expression is always: 'False'	main.c
diagnostics: 0	122	Compilation Started	can.h
warning: 55	1505	Suspicious pointer conversion	can.c
warning: 59	1505	Suspicious pointer conversion	can.c
diagnostics: 137	123	Compiled Successfully	can.c
warning: 89	1512	variable 'i' might not have been initialized	can.c
hint: 29	1164	Variable 'Can_Init_flags' has been eliminated by optimizer	can.c
hint: 86	1164	Variable 'sent' has been eliminated by optimizer	can.c
diagnostics: 0	122	Compilation Started	stdint.h
diagnostics: 170	123	Compiled Successfully	User_Function.c
diagnostics: 0	127	All files Compiled in 578 ms	 
hint: 0	1144	Used RX (bytes): 30 (94%)   Free RX (bytes): 2 (6%)	Used RX (bytes): 30 (94%)   Free RX (bytes): 2 (6%)
hint: 0	1144	Static RAM (bytes): 1083   Dynamic RAM (bytes): 4036	Static RAM (bytes): 1083   Dynamic RAM (bytes): 4036
hint: 0	1144	Used ROM (bytes): 2760 (3%)  Free ROM (bytes): 95544 (97%)	Used ROM (bytes): 2760 (3%)  Free ROM (bytes): 95544 (97%)
diagnostics: 0	125	Project Linked Successfully	main.mcpds
diagnostics: 0	128	Linked in 500 ms	 
diagnostics: 0	129	Project 'main.mcpds' completed: 1437 ms	 
diagnostics: 0	103	Finished successfully: 11 mag 2019, 12:26:25	main.mcpds
